<?xml version="1.0" encoding="UTF-8"?>
<!-- Generated by org.testng.reporters.JUnitReportReporter -->
<testsuite skipped="0" hostname="AniketS-PC" name="com.test.Loginpagetest" tests="3" failures="0" timestamp="07 May 2019 16:27:05 GMT" time="62.252" errors="0">
  <testcase name="logincheck" time="30.222" classname="com.test.Loginpagetest"/>
  <testcase name="titlecheck" time="18.189" classname="com.test.Loginpagetest"/>
  <testcase name="helplink" time="13.841" classname="com.test.Loginpagetest"/>
</testsuite> <!-- com.test.Loginpagetest -->
